<?xml version="1.0" encoding="UTF-8"?>
<!-- Generated by org.testng.reporters.JUnitXMLReporter -->
<testsuite hostname="DESKTOP-QTN1F52" ignored="2" name="Home Loan" tests="1" failures="0" timestamp="01 Oct 2020 12:05:01 GMT" time="0.003" errors="0">
  <testcase name="MobileLoginHomeLoan" time="0.0" classname="GroupTest.Home_loan"/>
  <testcase name="APILoginHomeLoan" time="0.0" classname="GroupTest.Home_loan">
    <ignored/>
  </testcase> <!-- APILoginHomeLoan -->
  <testcase name="WebLoginHomeLoan" time="0.0" classname="GroupTest.Home_loan">
    <ignored/>
  </testcase> <!-- WebLoginHomeLoan -->
</testsuite> <!-- Home Loan -->
