<?xml version="1.0" encoding="UTF-8"?>
<!-- Generated by org.testng.reporters.JUnitXMLReporter -->
<testsuite hostname="DESKTOP-QTN1F52" ignored="2" name="Personal Loan" tests="1" failures="0" timestamp="01 Oct 2020 12:05:01 GMT" time="0.028" errors="0">
  <testcase name="WebLoginPersonalLoan" time="0.008" classname="GroupTest.Personal_loan"/>
  <testcase name="APILoginPersonalLoan" time="0.0" classname="GroupTest.Personal_loan">
    <ignored/>
  </testcase> <!-- APILoginPersonalLoan -->
  <testcase name="MobileLoginPersonalLoan" time="0.0" classname="GroupTest.Personal_loan">
    <ignored/>
  </testcase> <!-- MobileLoginPersonalLoan -->
</testsuite> <!-- Personal Loan -->
